TN:
SF:src/fileHelper.js
FN:2,getFileStatus
FNF:1
FNH:1
FNDA:1,getFileStatus
DA:1,1
DA:2,1
DA:3,1
DA:4,1
DA:5,1
DA:6,1
DA:7,1
DA:8,1
DA:9,1
DA:10,1
DA:11,1
DA:12,1
DA:13,1
DA:14,1
DA:15,1
DA:16,1
DA:17,1
DA:18,1
DA:19,1
DA:20,1
DA:21,1
DA:22,1
DA:23,1
DA:24,1
DA:25,1
DA:26,1
LF:26
LH:26
BRDA:2,0,0,1
BRDA:6,1,0,1
BRF:2
BRH:2
end_of_record
TN:
SF:src/logger.js
FNF:0
FNH:0
DA:1,1
DA:2,1
DA:3,1
DA:4,1
DA:5,1
DA:6,1
DA:7,1
DA:8,1
DA:9,1
DA:10,1
LF:10
LH:10
BRF:0
BRH:0
end_of_record
TN:
SF:src/routes.js
FN:10,Routes
FN:15,setSocketInstance
FN:16,defaultRoute
FN:24,options
FN:28,post
FN:38,onFinish
FN:49,get
FN:57,handler
FNF:8
FNH:8
FNDA:8,Routes
FNDA:1,setSocketInstance
FNDA:2,defaultRoute
FNDA:1,options
FNDA:1,post
FNDA:1,onFinish
FNDA:2,get
FNDA:8,handler
DA:1,1
DA:2,1
DA:3,1
DA:4,1
DA:5,1
DA:6,1
DA:7,1
DA:8,1
DA:9,1
DA:10,1
DA:11,8
DA:12,8
DA:13,8
DA:14,8
DA:15,1
DA:16,1
DA:17,2
DA:18,2
DA:19,2
DA:20,2
DA:21,2
DA:22,2
DA:23,2
DA:24,1
DA:25,1
DA:26,1
DA:27,1
DA:28,1
DA:29,1
DA:30,1
DA:31,1
DA:32,1
DA:33,1
DA:34,1
DA:35,1
DA:36,1
DA:37,1
DA:38,1
DA:39,1
DA:40,1
DA:41,1
DA:42,1
DA:43,1
DA:44,1
DA:45,1
DA:46,1
DA:47,1
DA:48,1
DA:49,1
DA:50,2
DA:51,2
DA:52,2
DA:53,2
DA:54,2
DA:55,2
DA:56,2
DA:57,2
DA:58,8
DA:59,8
DA:60,8
DA:61,8
DA:62,8
DA:63,8
DA:64,8
DA:65,1
DA:66,1
DA:67,1
DA:68,1
DA:69,1
LF:69
LH:69
BRDA:10,0,0,8
BRDA:15,1,0,1
BRDA:16,2,0,2
BRDA:24,3,0,1
BRDA:28,4,0,1
BRDA:38,5,0,1
BRDA:39,6,0,1
BRDA:49,7,0,2
BRDA:57,8,0,8
BRDA:64,9,0,2
BRF:10
BRH:10
end_of_record
TN:
SF:src/uploadHandler.js
FN:3,UploadHandler
FN:12,canExecute
FN:15,handleFileBytes
FN:16,handleData
FN:36,onFile
FN:51,registerEvents
FNF:6
FNH:6
FNDA:6,UploadHandler
FNDA:5,canExecute
FNDA:2,handleFileBytes
FNDA:2,handleData
FNDA:1,onFile
FNDA:1,registerEvents
DA:1,1
DA:2,1
DA:3,6
DA:4,6
DA:5,6
DA:6,6
DA:7,6
DA:8,6
DA:9,6
DA:10,6
DA:11,1
DA:12,1
DA:13,5
DA:14,5
DA:15,1
DA:16,2
DA:17,2
DA:18,2
DA:19,2
DA:20,2
DA:21,2
DA:22,2
DA:23,4
DA:24,4
DA:25,4
DA:26,4
DA:27,4
DA:28,4
DA:29,3
DA:30,3
DA:31,3
DA:32,3
DA:33,3
DA:34,3
DA:35,3
DA:36,1
DA:37,1
DA:38,1
DA:39,1
DA:40,1
DA:41,1
DA:42,1
DA:43,1
DA:44,1
DA:45,1
DA:46,1
DA:47,1
DA:48,1
DA:49,1
DA:50,1
DA:51,1
DA:52,1
DA:53,1
DA:54,1
DA:55,1
DA:56,1
DA:57,1
DA:58,1
DA:59,1
DA:60,1
DA:61,1
DA:62,1
LF:62
LH:62
BRDA:3,0,0,6
BRDA:12,1,0,5
BRDA:15,2,0,2
BRDA:16,3,0,2
BRDA:22,4,0,4
BRDA:28,5,0,1
BRDA:28,6,0,3
BRDA:36,7,0,1
BRDA:51,8,0,1
BRF:9
BRH:9
end_of_record
