TN:
SF:src/fileHelper.js
FN:2,getFileStatus
FNF:1
FNH:1
FNDA:1,getFileStatus
DA:1,1
DA:2,1
DA:3,1
DA:4,1
DA:5,1
DA:6,1
DA:7,1
DA:8,1
DA:9,1
DA:10,1
DA:11,1
DA:12,1
DA:13,1
DA:14,1
DA:15,1
DA:16,1
DA:17,1
DA:18,1
DA:19,1
DA:20,1
DA:21,1
DA:22,1
DA:23,1
DA:24,1
DA:25,1
DA:26,1
LF:26
LH:26
BRDA:2,0,0,1
BRDA:6,1,0,1
BRF:2
BRH:2
end_of_record
TN:
SF:src/routes.js
FN:7,<instance_members_initializer>
FN:7,Routes
FN:12,setSocketInstance
FN:13,defaultRoute
FN:20,options
FN:24,post
FN:29,get
FN:35,handler
FNF:8
FNH:7
FNDA:7,<instance_members_initializer>
FNDA:7,Routes
FNDA:1,setSocketInstance
FNDA:2,defaultRoute
FNDA:1,options
FNDA:0,post
FNDA:2,get
FNDA:7,handler
DA:1,1
DA:2,1
DA:3,1
DA:4,1
DA:5,1
DA:6,1
DA:7,1
DA:8,7
DA:9,7
DA:10,7
DA:11,7
DA:12,1
DA:13,1
DA:14,2
DA:15,2
DA:16,2
DA:17,2
DA:18,2
DA:19,2
DA:20,1
DA:21,1
DA:22,1
DA:23,1
DA:24,1
DA:25,0
DA:26,0
DA:27,0
DA:28,0
DA:29,1
DA:30,2
DA:31,2
DA:32,2
DA:33,2
DA:34,2
DA:35,2
DA:36,7
DA:37,7
DA:38,7
DA:39,7
DA:40,7
DA:41,7
DA:42,7
DA:43,1
DA:44,1
DA:45,1
DA:46,1
DA:47,1
LF:47
LH:43
BRDA:7,0,0,7
BRDA:7,1,0,7
BRDA:12,2,0,1
BRDA:13,3,0,2
BRDA:20,4,0,1
BRDA:29,5,0,2
BRDA:35,6,0,7
BRDA:42,7,0,2
BRF:8
BRH:8
end_of_record
