TN:
SF:src/logger.js
FNF:0
FNH:0
DA:1,1
DA:2,1
DA:3,1
DA:4,1
DA:5,1
DA:6,1
DA:7,1
DA:8,1
DA:9,1
DA:10,1
LF:10
LH:10
BRF:0
BRH:0
end_of_record
TN:
SF:src/routes.js
FN:1,construction
FN:3,setSocketInstance
FN:4,defaultRoute
FN:11,options
FN:15,post
FN:20,get
FN:25,handler
FNF:7
FNH:3
FNDA:0,construction
FNDA:1,setSocketInstance
FNDA:2,defaultRoute
FNDA:0,options
FNDA:0,post
FNDA:0,get
FNDA:2,handler
DA:1,1
DA:2,0
DA:3,1
DA:4,1
DA:5,2
DA:6,2
DA:7,2
DA:8,2
DA:9,2
DA:10,2
DA:11,1
DA:12,0
DA:13,0
DA:14,0
DA:15,1
DA:16,0
DA:17,0
DA:18,0
DA:19,0
DA:20,1
DA:21,0
DA:22,0
DA:23,0
DA:24,0
DA:25,1
DA:26,2
DA:27,2
DA:28,2
DA:29,2
DA:30,2
DA:31,2
DA:32,1
DA:33,1
DA:34,1
DA:35,1
DA:36,1
LF:36
LH:24
BRDA:3,0,0,1
BRDA:4,1,0,2
BRDA:25,2,0,2
BRF:3
BRH:3
end_of_record
