TN:
SF:src/fileHelper.js
FN:1,(empty-report)
FNF:1
FNH:0
FNDA:0,(empty-report)
DA:1,0
DA:2,0
DA:3,0
DA:4,0
DA:5,0
LF:5
LH:0
BRDA:1,0,0,0
BRF:1
BRH:0
end_of_record
TN:
SF:src/routes.js
FN:1,construction
FN:3,setSocketInstance
FN:4,defaultRoute
FN:11,options
FN:15,post
FN:20,get
FN:25,handler
FNF:7
FNH:5
FNDA:0,construction
FNDA:1,setSocketInstance
FNDA:2,defaultRoute
FNDA:1,options
FNDA:0,post
FNDA:1,get
FNDA:6,handler
DA:1,1
DA:2,0
DA:3,1
DA:4,1
DA:5,2
DA:6,2
DA:7,2
DA:8,2
DA:9,2
DA:10,2
DA:11,1
DA:12,1
DA:13,1
DA:14,1
DA:15,1
DA:16,0
DA:17,0
DA:18,0
DA:19,0
DA:20,1
DA:21,1
DA:22,1
DA:23,1
DA:24,1
DA:25,1
DA:26,6
DA:27,6
DA:28,6
DA:29,6
DA:30,6
DA:31,6
DA:32,1
DA:33,1
DA:34,1
DA:35,1
DA:36,1
LF:36
LH:31
BRDA:3,0,0,1
BRDA:4,1,0,2
BRDA:11,2,0,1
BRDA:20,3,0,1
BRDA:25,4,0,6
BRDA:31,5,0,2
BRF:6
BRH:6
end_of_record
